{
  "RSpec": {
    "coverage": {
      "/Users/gunnarrunkle/turing/mod3/projects/sweater_weather/app/facades/geocode_facade.rb": {
        "lines": [
          1,
          1,
          5,
          null,
          5,
          10,
          null,
          null,
          null
        ]
      },
      "/Users/gunnarrunkle/turing/mod3/projects/sweater_weather/app/facades/library_facade.rb": {
        "lines": [
          1,
          1,
          2,
          null,
          2,
          2,
          10,
          null,
          null,
          null
        ]
      },
      "/Users/gunnarrunkle/turing/mod3/projects/sweater_weather/app/facades/unsplash_facade.rb": {
        "lines": [
          1,
          1,
          2,
          null,
          2,
          null,
          null
        ]
      },
      "/Users/gunnarrunkle/turing/mod3/projects/sweater_weather/app/facades/weather_facade.rb": {
        "lines": [
          1,
          1,
          3,
          null,
          3,
          null,
          null,
          1,
          2,
          null,
          2,
          10,
          null,
          null,
          null,
          1,
          2,
          null,
          2,
          16,
          null,
          null,
          null,
          1,
          1,
          null,
          null
        ]
      },
      "/Users/gunnarrunkle/turing/mod3/projects/sweater_weather/app/models/user.rb": {
        "lines": [
          1,
          1,
          1,
          1,
          null,
          1,
          null,
          null,
          null,
          null,
          null
        ]
      },
      "/Users/gunnarrunkle/turing/mod3/projects/sweater_weather/app/models/application_record.rb": {
        "lines": [
          1,
          1,
          null
        ]
      },
      "/Users/gunnarrunkle/turing/mod3/projects/sweater_weather/app/poros/book.rb": {
        "lines": [
          1,
          1,
          null,
          null,
          null,
          1,
          11,
          11,
          11,
          11,
          null,
          null
        ]
      },
      "/Users/gunnarrunkle/turing/mod3/projects/sweater_weather/app/services/geocode_service.rb": {
        "lines": [
          1,
          1,
          6,
          null,
          null,
          1,
          6,
          6,
          6,
          null,
          null,
          6,
          null,
          null
        ]
      },
      "/Users/gunnarrunkle/turing/mod3/projects/sweater_weather/app/services/library_service.rb": {
        "lines": [
          1,
          1,
          3,
          null,
          null,
          1,
          3,
          3,
          3,
          null,
          null,
          3,
          null,
          null
        ]
      },
      "/Users/gunnarrunkle/turing/mod3/projects/sweater_weather/app/services/unsplash_service.rb": {
        "lines": [
          1,
          1,
          3,
          null,
          null,
          1,
          3,
          3,
          3,
          3,
          3,
          null,
          null,
          3,
          null,
          null
        ]
      },
      "/Users/gunnarrunkle/turing/mod3/projects/sweater_weather/app/services/weather_service.rb": {
        "lines": [
          1,
          1,
          8,
          null,
          null,
          1,
          8,
          8,
          8,
          8,
          8,
          8,
          null,
          null,
          8,
          null,
          null
        ]
      },
      "/Users/gunnarrunkle/turing/mod3/projects/sweater_weather/app/poros/location.rb": {
        "lines": [
          1,
          1,
          null,
          1,
          10,
          10,
          null,
          null
        ]
      },
      "/Users/gunnarrunkle/turing/mod3/projects/sweater_weather/app/poros/photo.rb": {
        "lines": [
          1,
          1,
          null,
          null,
          null,
          null,
          1,
          2,
          2,
          2,
          2,
          2,
          null,
          null
        ]
      },
      "/Users/gunnarrunkle/turing/mod3/projects/sweater_weather/app/poros/current_weather.rb": {
        "lines": [
          1,
          1,
          null,
          null,
          null,
          null,
          null,
          null,
          null,
          null,
          null,
          1,
          3,
          3,
          3,
          3,
          3,
          3,
          3,
          3,
          3,
          3,
          null,
          null
        ]
      },
      "/Users/gunnarrunkle/turing/mod3/projects/sweater_weather/app/poros/daily_weather.rb": {
        "lines": [
          1,
          1,
          null,
          null,
          null,
          null,
          null,
          null,
          1,
          10,
          10,
          10,
          10,
          10,
          10,
          10,
          null,
          null
        ]
      },
      "/Users/gunnarrunkle/turing/mod3/projects/sweater_weather/app/poros/hourly_weather.rb": {
        "lines": [
          1,
          1,
          null,
          null,
          null,
          1,
          16,
          16,
          16,
          16,
          null,
          null
        ]
      },
      "/Users/gunnarrunkle/turing/mod3/projects/sweater_weather/app/controllers/api/v1/background_controller.rb": {
        "lines": [
          1,
          1,
          2,
          1,
          1,
          null,
          1,
          null,
          null,
          null,
          null,
          null,
          null,
          null,
          null,
          null,
          null,
          null,
          null,
          null,
          null,
          null,
          null,
          null,
          null,
          null,
          null,
          null,
          null,
          null,
          null,
          null,
          null,
          null
        ]
      },
      "/Users/gunnarrunkle/turing/mod3/projects/sweater_weather/app/controllers/application_controller.rb": {
        "lines": [
          1,
          null
        ]
      },
      "/Users/gunnarrunkle/turing/mod3/projects/sweater_weather/app/serializers/unsplash_serializer.rb": {
        "lines": [
          1,
          1,
          null,
          1,
          null,
          1,
          null,
          null,
          null,
          null,
          null,
          null,
          null,
          null,
          null,
          null,
          null,
          null,
          null,
          null,
          null,
          null,
          null
        ]
      },
      "/Users/gunnarrunkle/turing/mod3/projects/sweater_weather/app/controllers/api/v1/books_controller.rb": {
        "lines": [
          1,
          1,
          2,
          1,
          1,
          1,
          1,
          1,
          null,
          1,
          null,
          null,
          null,
          null,
          null,
          null,
          null,
          null,
          null,
          null,
          null,
          null,
          null,
          null,
          null,
          null,
          null,
          null,
          null,
          null,
          null,
          null,
          null,
          null,
          null,
          null,
          null
        ]
      },
      "/Users/gunnarrunkle/turing/mod3/projects/sweater_weather/app/serializers/library_serializer.rb": {
        "lines": [
          1,
          1,
          null,
          1,
          null,
          1,
          null,
          null,
          null,
          null,
          null,
          null,
          null,
          null,
          null,
          null,
          null,
          null,
          5,
          null,
          null,
          null,
          null,
          null,
          null,
          null,
          null,
          null
        ]
      },
      "/Users/gunnarrunkle/turing/mod3/projects/sweater_weather/app/controllers/api/v1/forecast_controller.rb": {
        "lines": [
          1,
          1,
          2,
          1,
          1,
          1,
          1,
          null,
          1,
          null,
          null,
          null,
          null,
          null,
          null,
          null,
          null,
          null,
          null,
          null,
          null,
          null,
          null,
          null,
          null,
          null,
          null,
          null,
          null,
          null,
          null,
          null,
          null,
          null,
          null,
          null
        ]
      },
      "/Users/gunnarrunkle/turing/mod3/projects/sweater_weather/app/poros/forecast.rb": {
        "lines": [
          1,
          1,
          null,
          null,
          1,
          1,
          1,
          1,
          null,
          null
        ]
      },
      "/Users/gunnarrunkle/turing/mod3/projects/sweater_weather/app/serializers/forecast_serializer.rb": {
        "lines": [
          1,
          1,
          2,
          1,
          null,
          null,
          null
        ]
      },
      "/Users/gunnarrunkle/turing/mod3/projects/sweater_weather/app/controllers/api/v1/users_controller.rb": {
        "lines": [
          1,
          null,
          null,
          null,
          null,
          null,
          null,
          null,
          null,
          null,
          null,
          null,
          null,
          null,
          null,
          null,
          null,
          null,
          null,
          1,
          4,
          null,
          4,
          1,
          1,
          1,
          null,
          3,
          null,
          null,
          null,
          null,
          null,
          null,
          null,
          null,
          null,
          null,
          null,
          null,
          null,
          1,
          1,
          4,
          null,
          null
        ]
      },
      "/Users/gunnarrunkle/turing/mod3/projects/sweater_weather/app/serializers/users_serializer.rb": {
        "lines": [
          1,
          1,
          null,
          1,
          null,
          1,
          null,
          null,
          null,
          null,
          null,
          null,
          null,
          null,
          null,
          null
        ]
      }
    },
    "timestamp": 1632795318
  }
}
